[INFO] 23:02:00:108 TP0/(9207:9207): Hola! Soy un log
[INFO] 23:21:01:271 TP0/(10969:10969): Hola! Soy un log
[INFO] 23:21:01:281 TP0/(10969:10969): IP: 127.0.0.1
 PUERTO: 4444
 CLAVE: valor

[INFO] 23:22:58:722 TP0/(11171:11171): Hola! Soy un log
[INFO] 23:22:58:725 TP0/(11171:11171): IP: 127.0.0.1
 PUERTO: 4444
 CLAVE: valor

[INFO] 23:23:23:155 TP0/(11248:11248): Hola! Soy un log
[INFO] 23:23:23:168 TP0/(11248:11248): 
IP: 127.0.0.1
 PUERTO: 4444
 CLAVE: valor

[INFO] 23:41:58:698 TP0/(12268:12268): Hola! Soy un log
[INFO] 23:41:58:699 TP0/(12268:12268): 
IP: 127.0.0.1
 PUERTO: 4444
 CLAVE: valor

[INFO] 23:42:03:084 TP0/(12268:12268): como estas
[INFO] 23:42:04:418 TP0/(12268:12268): 
[INFO] 23:42:34:663 TP0/(12340:12340): Hola! Soy un log
[INFO] 23:42:34:664 TP0/(12340:12340): 
IP: 127.0.0.1
 PUERTO: 4444
 CLAVE: valor

[INFO] 23:42:37:056 TP0/(12340:12340): hola!!!
[INFO] 23:42:39:549 TP0/(12340:12340): como estas
[INFO] 01:21:32:414 TP0/(17438:17438): Hola! Soy un log
[INFO] 01:21:32:414 TP0/(17438:17438): 
IP: 127.0.0.1
 PUERTO: 4444
 CLAVE: valor

[INFO] 01:21:35:053 TP0/(17438:17438): hola
[INFO] 01:21:36:456 TP0/(17438:17438): como estas
[INFO] 01:27:53:943 TP0/(17963:17963): Hola! Soy un log
[INFO] 01:27:53:944 TP0/(17963:17963): 
IP: 127.0.0.1
 PUERTO: 4444
 CLAVE: valor

[INFO] 01:28:03:625 TP0/(17963:17963): hola
[INFO] 01:29:33:220 TP0/(18046:18046): Hola! Soy un log
[INFO] 01:29:33:221 TP0/(18046:18046): 
IP: 127.0.0.1
 PUERTO: 4444
 CLAVE: valor

[INFO] 01:29:43:963 TP0/(18046:18046): hola
[INFO] 01:29:51:008 TP0/(18046:18046): como estas
[INFO] 01:30:19:182 TP0/(18113:18113): Hola! Soy un log
[INFO] 01:30:19:185 TP0/(18113:18113): 
IP: 127.0.0.1
 PUERTO: 4444
 CLAVE: valor

[INFO] 01:30:24:165 TP0/(18113:18113): hola
[INFO] 12:17:41:165 TP0/(24585:24585): Hola! Soy un log
[INFO] 12:17:41:165 TP0/(24585:24585): 
IP: 127.0.0.1
 PUERTO: 4444
 CLAVE: valor

[INFO] 12:17:46:910 TP0/(24585:24585): hola
[INFO] 12:20:03:452 TP0/(24765:24765): Hola! Soy un log
[INFO] 12:20:03:457 TP0/(24765:24765): 
IP: 127.0.0.1
 PUERTO: 4444
 CLAVE: valor

[INFO] 12:20:10:145 TP0/(24765:24765): hola
[INFO] 12:22:54:743 TP0/(25012:25012): Hola! Soy un log
[INFO] 12:22:54:744 TP0/(25012:25012): 
IP: 127.0.0.1
 PUERTO: 4444
 CLAVE: valor

[INFO] 12:23:00:922 TP0/(25012:25012): hola
[INFO] 12:25:16:568 TP0/(3460:3460): Hola! Soy un log
[INFO] 12:25:16:569 TP0/(3460:3460): 
IP: 127.0.0.1
 PUERTO: 4444
 CLAVE: valor

