[INFO] 23:02:00:108 TP0/(9207:9207): Hola! Soy un log
[INFO] 23:21:01:271 TP0/(10969:10969): Hola! Soy un log
[INFO] 23:21:01:281 TP0/(10969:10969): IP: 127.0.0.1
 PUERTO: 4444
 CLAVE: valor

[INFO] 23:22:58:722 TP0/(11171:11171): Hola! Soy un log
[INFO] 23:22:58:725 TP0/(11171:11171): IP: 127.0.0.1
 PUERTO: 4444
 CLAVE: valor

[INFO] 23:23:23:155 TP0/(11248:11248): Hola! Soy un log
[INFO] 23:23:23:168 TP0/(11248:11248): 
IP: 127.0.0.1
 PUERTO: 4444
 CLAVE: valor

[INFO] 23:41:58:698 TP0/(12268:12268): Hola! Soy un log
[INFO] 23:41:58:699 TP0/(12268:12268): 
IP: 127.0.0.1
 PUERTO: 4444
 CLAVE: valor

[INFO] 23:42:03:084 TP0/(12268:12268): como estas
[INFO] 23:42:04:418 TP0/(12268:12268): 
[INFO] 23:42:34:663 TP0/(12340:12340): Hola! Soy un log
[INFO] 23:42:34:664 TP0/(12340:12340): 
IP: 127.0.0.1
 PUERTO: 4444
 CLAVE: valor

[INFO] 23:42:37:056 TP0/(12340:12340): hola!!!
[INFO] 23:42:39:549 TP0/(12340:12340): como estas
[INFO] 01:21:32:414 TP0/(17438:17438): Hola! Soy un log
[INFO] 01:21:32:414 TP0/(17438:17438): 
IP: 127.0.0.1
 PUERTO: 4444
 CLAVE: valor

[INFO] 01:21:35:053 TP0/(17438:17438): hola
[INFO] 01:21:36:456 TP0/(17438:17438): como estas
[INFO] 01:27:53:943 TP0/(17963:17963): Hola! Soy un log
[INFO] 01:27:53:944 TP0/(17963:17963): 
IP: 127.0.0.1
 PUERTO: 4444
 CLAVE: valor

[INFO] 01:28:03:625 TP0/(17963:17963): hola
[INFO] 01:29:33:220 TP0/(18046:18046): Hola! Soy un log
[INFO] 01:29:33:221 TP0/(18046:18046): 
IP: 127.0.0.1
 PUERTO: 4444
 CLAVE: valor

[INFO] 01:29:43:963 TP0/(18046:18046): hola
[INFO] 01:29:51:008 TP0/(18046:18046): como estas
[INFO] 01:30:19:182 TP0/(18113:18113): Hola! Soy un log
[INFO] 01:30:19:185 TP0/(18113:18113): 
IP: 127.0.0.1
 PUERTO: 4444
 CLAVE: valor

[INFO] 01:30:24:165 TP0/(18113:18113): hola
[INFO] 12:17:41:165 TP0/(24585:24585): Hola! Soy un log
[INFO] 12:17:41:165 TP0/(24585:24585): 
IP: 127.0.0.1
 PUERTO: 4444
 CLAVE: valor

[INFO] 12:17:46:910 TP0/(24585:24585): hola
[INFO] 12:20:03:452 TP0/(24765:24765): Hola! Soy un log
[INFO] 12:20:03:457 TP0/(24765:24765): 
IP: 127.0.0.1
 PUERTO: 4444
 CLAVE: valor

[INFO] 12:20:10:145 TP0/(24765:24765): hola
[INFO] 12:22:54:743 TP0/(25012:25012): Hola! Soy un log
[INFO] 12:22:54:744 TP0/(25012:25012): 
IP: 127.0.0.1
 PUERTO: 4444
 CLAVE: valor

[INFO] 12:23:00:922 TP0/(25012:25012): hola
[INFO] 12:25:16:568 TP0/(3460:3460): Hola! Soy un log
[INFO] 12:25:16:569 TP0/(3460:3460): 
IP: 127.0.0.1
 PUERTO: 4444
 CLAVE: valor

[INFO] 19:59:38:595 TP0/(6446:6446): Hola! Soy un log
[INFO] 19:59:38:598 TP0/(6446:6446): 
IP: 127.0.0.1
 PUERTO: 4444
 CLAVE: valor

[INFO] 19:59:41:600 TP0/(6446:6446): hola
[INFO] 19:59:49:736 TP0/(6446:6446): asdlñfkja
[INFO] 19:59:50:480 TP0/(6446:6446): asdfalñ{kj
[INFO] 20:22:52:608 TP0/(8374:8374): Hola! Soy un log
[INFO] 20:22:52:616 TP0/(8374:8374): 
IP: 127.0.0.1
 PUERTO: 4444
 CLAVE: valor

[INFO] 20:23:46:659 TP0/(8514:8514): Hola! Soy un log
[INFO] 20:23:46:659 TP0/(8514:8514): 
IP: 127.0.0.1
 PUERTO: 4444
 CLAVE: valor

[INFO] 20:27:42:899 TP0/(8920:8920): Hola! Soy un log
[INFO] 20:27:42:899 TP0/(8920:8920): 
IP: 127.0.0.1
 PUERTO: 4444
 CLAVE: valor

[INFO] 15:02:04:183 TP0/(17719:17719): Hola! Soy un log
[INFO] 15:02:04:184 TP0/(17719:17719): 
IP: 127.0.0.1
 PUERTO: 4444
 CLAVE: valor

[INFO] 15:02:11:387 TP0/(17719:17719): hola
[INFO] 15:02:12:255 TP0/(17719:17719): hola
[INFO] 15:02:13:301 TP0/(17719:17719): holaaaa
[INFO] 15:03:26:036 TP0/(17869:17869): Hola! Soy un log
[INFO] 15:03:26:037 TP0/(17869:17869): 
IP: 127.0.0.1
 PUERTO: 4444
 CLAVE: valor

[INFO] 15:03:29:071 TP0/(17869:17869): hola
[INFO] 15:03:53:709 TP0/(17957:17957): Hola! Soy un log
[INFO] 15:03:53:710 TP0/(17957:17957): 
IP: 127.0.0.1
 PUERTO: 4444
 CLAVE: valor

[INFO] 15:04:17:118 TP0/(18000:18000): Hola! Soy un log
[INFO] 15:04:17:119 TP0/(18000:18000): 
IP: 127.0.0.1
 PUERTO: 4444
 CLAVE: valor

[INFO] 15:04:20:843 TP0/(18000:18000): asdf
[INFO] 15:04:21:399 TP0/(18000:18000): asdfasdf
[INFO] 15:04:22:079 TP0/(18000:18000): adfasdf
[INFO] 15:08:44:965 TP0/(18462:18462): Hola! Soy un log
[INFO] 15:08:44:965 TP0/(18462:18462): 
IP: 127.0.0.1
 PUERTO: 4444
 CLAVE: valor

[INFO] 15:09:00:407 TP0/(18462:18462): dflkja
[INFO] 15:09:01:972 TP0/(18462:18462): hola!!
[INFO] 15:09:04:209 TP0/(18462:18462): como estas
[INFO] 15:11:28:861 TP0/(19088:19088): Hola! Soy un log
[INFO] 15:11:28:861 TP0/(19088:19088): 
IP: 127.0.0.1
 PUERTO: 4444
 CLAVE: valor

[INFO] 15:11:31:102 TP0/(19088:19088): hola
[INFO] 15:11:47:579 TP0/(19126:19126): Hola! Soy un log
[INFO] 15:11:47:580 TP0/(19126:19126): 
IP: 127.0.0.1
 PUERTO: 4444
 CLAVE: valor

[INFO] 15:11:50:765 TP0/(19126:19126): hola
[INFO] 15:11:54:609 TP0/(19126:19126): como estas!!
[INFO] 16:11:22:645 TP0/(5982:5982): Hola! Soy un log
[INFO] 16:11:22:646 TP0/(5982:5982): 
IP: 127.0.0.1
 PUERTO: 4444
 CLAVE: valor

[INFO] 16:11:26:979 TP0/(5982:5982): hola
[INFO] 16:13:41:111 TP0/(6234:6234): Hola! Soy un log
[INFO] 16:13:41:111 TP0/(6234:6234): 
IP: 127.0.0.1
 PUERTO: 4444
 CLAVE: valor

[INFO] 16:13:45:224 TP0/(6234:6234): hola
[INFO] 16:13:48:436 TP0/(6234:6234): estoy enviendo mensajes
[INFO] 16:13:56:984 TP0/(6256:6256): Hola! Soy un log
[INFO] 16:13:56:984 TP0/(6256:6256): 
IP: 127.0.0.1
 PUERTO: 4444
 CLAVE: valor

[INFO] 16:13:57:984 TP0/(6256:6256): hola
[INFO] 16:13:59:075 TP0/(6256:6256): como estas
[INFO] 16:33:30:922 TP0/(8153:8153): Hola! Soy un log
[INFO] 16:33:30:972 TP0/(8153:8153): 
IP: 127.0.0.1
 PUERTO: 4444
 CLAVE: valor

[INFO] 16:33:38:753 TP0/(8153:8153): hola}
[INFO] 16:33:42:684 TP0/(8153:8153): como estas
[INFO] 16:34:23:795 TP0/(8233:8233): Hola! Soy un log
[INFO] 16:34:23:842 TP0/(8233:8233): 
IP: 127.0.0.1
 PUERTO: 4444
 CLAVE: valor

[INFO] 16:34:34:800 TP0/(8233:8233): hola
[INFO] 16:35:43:938 TP0/(8385:8385): Hola! Soy un log
[INFO] 16:35:43:997 TP0/(8385:8385): 
IP: 127.0.0.1
 PUERTO: 4444
 CLAVE: valor

[INFO] 16:35:57:698 TP0/(8385:8385): hola
[INFO] 16:36:14:126 TP0/(8433:8433): Hola! Soy un log
[INFO] 16:36:14:174 TP0/(8433:8433): 
IP: 127.0.0.1
 PUERTO: 4444
 CLAVE: valor

[INFO] 16:36:15:714 TP0/(8433:8433): hola
[INFO] 16:49:11:312 TP0/(9567:9567): Hola! Soy un log
[INFO] 16:49:11:312 TP0/(9567:9567): 
IP: 127.0.0.1
 PUERTO: 4444
 CLAVE: valor

[INFO] 16:51:26:496 TP0/(9762:9762): 

IP: 127.0.0.1

 PUERTO: 4444

 CLAVE: valor
[INFO] 16:52:47:755 TP0/(9882:9882): 

IP: 127.0.0.1

 PUERTO: 4444

 CLAVE: valor
[INFO] 16:54:44:100 TP0/(10070:10070): 

IP: 127.0.0.1

 PUERTO: 4444

 CLAVE: valor
[INFO] 16:55:30:394 TP0/(10145:10145): 

IP: 127.0.0.1

 PUERTO: 4444

 CLAVE: valor
[INFO] 16:55:43:994 TP0/(10171:10171): 

IP: 127.0.0.1

 PUERTO: 4444

 CLAVE: valor
[INFO] 16:57:59:367 TP0/(10365:10365): 

***** IP: 127.0.0.1 *****

***** PUERTO: 4444 *****

***** CLAVE: valor *****


[INFO] 19:42:39:384 TP0/(3076:3076): 

***** IP: 127.0.0.1 *****

***** PUERTO: 4444 *****

***** CLAVE: valor *****


[INFO] 14:28:11:822 TP0/(25564:25564): 

***** IP: 127.0.0.1 *****

***** PUERTO: 4444 *****

***** CLAVE: valor *****


